[28-Dec-2025 18:59:39 Europe/Berlin] === LOGIN ATTEMPT ===
[28-Dec-2025 18:59:39 Europe/Berlin] Time: 2025-12-28 18:59:39
[28-Dec-2025 18:59:39 Europe/Berlin] Raw Input - Username: 'admin'
[28-Dec-2025 18:59:39 Europe/Berlin] Raw Input - Password: 'admin123'
[28-Dec-2025 18:59:39 Europe/Berlin] --- Checking all users in database ---
[28-Dec-2025 18:59:39 Europe/Berlin] Total users in DB: 1
[28-Dec-2025 18:59:39 Europe/Berlin] DB User: 'admin'
[28-Dec-2025 18:59:39 Europe/Berlin] --- Querying for username: 'admin' ---
[28-Dec-2025 18:59:39 Europe/Berlin] ❌ USER NOT FOUND!
[28-Dec-2025 18:59:39 Europe/Berlin] --- Trying direct query for debugging ---
[28-Dec-2025 18:59:39 Europe/Berlin] ⚠️ DIRECT QUERY FOUND USER! (Parameterized query failed)
[28-Dec-2025 18:59:39 Europe/Berlin]    Found: Array
(
    [id] => 1
    [username] => admin
    [password] => admin123
    [nama_lengkap] => Pustakawan
    [role] => pustakawan
)

[28-Dec-2025 18:59:39 Europe/Berlin] ✅ BINARY QUERY WORKED!
